# JRE version: OpenJDK Runtime Environment Temurin-21.0.12.1+1 (21.0.12.1+1) (build 21.0.12.1+1-LTS)
# Java VM: OpenJDK 64-Bit Server VM Temurin-21.0.12.1+1 (21.0.12.1+1-LTS, mixed mode, sharing, tiered, compressed oops, compressed class ptrs, parallel gc, windows-amd64)
GC Precious Log:
 CardTable entry size: 512
 CPUs: 12 total, 12 available
 Memory: 15150M
 Large Page Support: Disabled
 NUMA Support: Disabled
 Compressed Oops: Enabled (32-bit)
 Alignments: Space 512K, Generation 512K, Heap 2M
 Heap Min Capacity: 100M
 Heap Initial Capacity: 100M
 Heap Max Capacity: 2G
 Pre-touch: Disabled
 Parallel Workers: 10
Heap:
 PSYoungGen      total 15872K, used 11976K [0x00000000d5580000, 0x00000000d6780000, 0x0000000100000000)
  eden space 14848K, 75% used [0x00000000d5580000,0x00000000d60823f8,0x00000000d6400000)
  from space 1024K, 68% used [0x00000000d6680000,0x00000000d6730000,0x00000000d6780000)
  to   space 1536K, 0% used [0x00000000d6480000,0x00000000d6480000,0x00000000d6600000)
 ParOldGen       total 68608K, used 44344K [0x0000000080000000, 0x0000000084300000, 0x00000000d5580000)
  object space 68608K, 64% used [0x0000000080000000,0x0000000082b4e330,0x0000000084300000)
 Metaspace       used 64768K, committed 66176K, reserved 1114112K
  class space    used 8226K, committed 8832K, reserved 1048576K
GC Heap History (20 events):
Event: 30.776 GC heap before
{Heap before GC invocations=44 (full 3):
 PSYoungGen      total 15360K, used 15354K [0x00000000d5580000, 0x00000000d6880000, 0x0000000100000000)
  eden space 14848K, 100% used [0x00000000d5580000,0x00000000d6400000,0x00000000d6400000)
  from space 512K, 98% used [0x00000000d6800000,0x00000000d687e8f8,0x00000000d6880000)
  to   space 1024K, 0% used [0x00000000d6680000,0x00000000d6680000,0x00000000d6780000)
 ParOldGen       total 68608K, used 40411K [0x0000000080000000, 0x0000000084300000, 0x00000000d5580000)
  object space 68608K, 58% used [0x0000000080000000,0x0000000082776eb8,0x0000000084300000)
 Metaspace       used 60335K, committed 61632K, reserved 1114112K
  class space    used 7678K, committed 8256K, reserved 1048576K
}
Event: 30.777 GC heap after
{Heap after GC invocations=44 (full 3):
 PSYoungGen      total 15872K, used 288K [0x00000000d5580000, 0x00000000d6880000, 0x0000000100000000)
  eden space 14848K, 0% used [0x00000000d5580000,0x00000000d5580000,0x00000000d6400000)
  from space 1024K, 28% used [0x00000000d6680000,0x00000000d66c8000,0x00000000d6780000)
  to   space 1024K, 0% used [0x00000000d6780000,0x00000000d6780000,0x00000000d6880000)
 ParOldGen       total 68608K, used 40483K [0x0000000080000000, 0x0000000084300000, 0x00000000d5580000)
  object space 68608K, 59% used [0x0000000080000000,0x0000000082788ec8,0x0000000084300000)
 Metaspace       used 60335K, committed 61632K, reserved 1114112K
  class space    used 7678K, committed 8256K, reserved 1048576K
}
Event: 31.052 GC heap before
{Heap before GC invocations=45 (full 3):
 PSYoungGen      total 15872K, used 15136K [0x00000000d5580000, 0x00000000d6880000, 0x0000000100000000)
  eden space 14848K, 100% used [0x00000000d5580000,0x00000000d6400000,0x00000000d6400000)
  from space 1024K, 28% used [0x00000000d6680000,0x00000000d66c8000,0x00000000d6780000)
  to   space 1024K, 0% used [0x00000000d6780000,0x00000000d6780000,0x00000000d6880000)
 ParOldGen       total 68608K, used 40483K [0x0000000080000000, 0x0000000084300000, 0x00000000d5580000)
  object space 68608K, 59% used [0x0000000080000000,0x0000000082788ec8,0x0000000084300000)
 Metaspace       used 60335K, committed 61632K, reserved 1114112K
  class space    used 7678K, committed 8256K, reserved 1048576K
}
Event: 31.053 GC heap after
{Heap after GC invocations=45 (full 3):
 PSYoungGen      total 15872K, used 1013K [0x00000000d5580000, 0x00000000d6880000, 0x0000000100000000)
  eden space 14848K, 0% used [0x00000000d5580000,0x00000000d5580000,0x00000000d6400000)
  from space 1024K, 99% used [0x00000000d6780000,0x00000000d687d728,0x00000000d6880000)
  to   space 1536K, 0% used [0x00000000d6580000,0x00000000d6580000,0x00000000d6700000)
 ParOldGen       total 68608K, used 40695K [0x0000000080000000, 0x0000000084300000, 0x00000000d5580000)
  object space 68608K, 59% used [0x0000000080000000,0x00000000827bdc10,0x0000000084300000)
 Metaspace       used 60335K, committed 61632K, reserved 1114112K
  class space    used 7678K, committed 8256K, reserved 1048576K
}
Event: 31.337 GC heap before
{Heap before GC invocations=46 (full 3):
 PSYoungGen      total 15872K, used 15861K [0x00000000d5580000, 0x00000000d6880000, 0x0000000100000000)
  eden space 14848K, 100% used [0x00000000d5580000,0x00000000d6400000,0x00000000d6400000)
  from space 1024K, 99% used [0x00000000d6780000,0x00000000d687d728,0x00000000d6880000)
  to   space 1536K, 0% used [0x00000000d6580000,0x00000000d6580000,0x00000000d6700000)
 ParOldGen       total 68608K, used 40695K [0x0000000080000000, 0x0000000084300000, 0x00000000d5580000)
  object space 68608K, 59% used [0x0000000080000000,0x00000000827bdc10,0x0000000084300000)
 Metaspace       used 60335K, committed 61632K, reserved 1114112K
  class space    used 7678K, committed 8256K, reserved 1048576K
}
Event: 31.339 GC heap after
{Heap after GC invocations=46 (full 3):
 PSYoungGen      total 16384K, used 476K [0x00000000d5580000, 0x00000000d6800000, 0x0000000100000000)
  eden space 14848K, 0% used [0x00000000d5580000,0x00000000d5580000,0x00000000d6400000)
  from space 1536K, 31% used [0x00000000d6580000,0x00000000d65f73a0,0x00000000d6700000)
  to   space 1024K, 0% used [0x00000000d6700000,0x00000000d6700000,0x00000000d6800000)
 ParOldGen       total 68608K, used 40759K [0x0000000080000000, 0x0000000084300000, 0x00000000d5580000)
  object space 68608K, 59% used [0x0000000080000000,0x00000000827cdc10,0x0000000084300000)
 Metaspace       used 60335K, committed 61632K, reserved 1114112K
  class space    used 7678K, committed 8256K, reserved 1048576K
}
Event: 31.575 GC heap before
{Heap before GC invocations=47 (full 3):
 PSYoungGen      total 16384K, used 15324K [0x00000000d5580000, 0x00000000d6800000, 0x0000000100000000)
  eden space 14848K, 100% used [0x00000000d5580000,0x00000000d6400000,0x00000000d6400000)
  from space 1536K, 31% used [0x00000000d6580000,0x00000000d65f73a0,0x00000000d6700000)
  to   space 1024K, 0% used [0x00000000d6700000,0x00000000d6700000,0x00000000d6800000)
 ParOldGen       total 68608K, used 40759K [0x0000000080000000, 0x0000000084300000, 0x00000000d5580000)
  object space 68608K, 59% used [0x0000000080000000,0x00000000827cdc10,0x0000000084300000)
 Metaspace       used 60335K, committed 61632K, reserved 1114112K
  class space    used 7678K, committed 8256K, reserved 1048576K
}
Event: 31.577 GC heap after
{Heap after GC invocations=47 (full 3):
 PSYoungGen      total 15360K, used 372K [0x00000000d5580000, 0x00000000d6780000, 0x0000000100000000)
  eden space 14848K, 0% used [0x00000000d5580000,0x00000000d5580000,0x00000000d6400000)
  from space 512K, 72% used [0x00000000d6700000,0x00000000d675d2a0,0x00000000d6780000)
  to   space 512K, 0% used [0x00000000d6680000,0x00000000d6680000,0x00000000d6700000)
 ParOldGen       total 68608K, used 41186K [0x0000000080000000, 0x0000000084300000, 0x00000000d5580000)
  object space 68608K, 60% used [0x0000000080000000,0x0000000082838be0,0x0000000084300000)
 Metaspace       used 60335K, committed 61632K, reserved 1114112K
  class space    used 7678K, committed 8256K, reserved 1048576K
}
Event: 31.851 GC heap before
{Heap before GC invocations=48 (full 3):
 PSYoungGen      total 15360K, used 15220K [0x00000000d5580000, 0x00000000d6780000, 0x0000000100000000)
  eden space 14848K, 100% used [0x00000000d5580000,0x00000000d6400000,0x00000000d6400000)
  from space 512K, 72% used [0x00000000d6700000,0x00000000d675d2a0,0x00000000d6780000)
  to   space 512K, 0% used [0x00000000d6680000,0x00000000d6680000,0x00000000d6700000)
 ParOldGen       total 68608K, used 41186K [0x0000000080000000, 0x0000000084300000, 0x00000000d5580000)
  object space 68608K, 60% used [0x0000000080000000,0x0000000082838be0,0x0000000084300000)
 Metaspace       used 60335K, committed 61632K, reserved 1114112K
  class space    used 7678K, committed 8256K, reserved 1048576K
}
Event: 31.853 GC heap after
{Heap after GC invocations=48 (full 3):
 PSYoungGen      total 15360K, used 511K [0x00000000d5580000, 0x00000000d6800000, 0x0000000100000000)
  eden space 14848K, 0% used [0x00000000d5580000,0x00000000d5580000,0x00000000d6400000)
  from space 512K, 99% used [0x00000000d6680000,0x00000000d66fff68,0x00000000d6700000)
  to   space 1024K, 0% used [0x00000000d6700000,0x00000000d6700000,0x00000000d6800000)
 ParOldGen       total 68608K, used 42091K [0x0000000080000000, 0x0000000084300000, 0x00000000d5580000)
  object space 68608K, 61% used [0x0000000080000000,0x000000008291adb0,0x0000000084300000)
 Metaspace       used 60335K, committed 61632K, reserved 1114112K
  class space    used 7678K, committed 8256K, reserved 1048576K
}
Event: 32.142 GC heap before
{Heap before GC invocations=49 (full 3):
 PSYoungGen      total 15360K, used 15359K [0x00000000d5580000, 0x00000000d6800000, 0x0000000100000000)
  eden space 14848K, 100% used [0x00000000d5580000,0x00000000d6400000,0x00000000d6400000)
  from space 512K, 99% used [0x00000000d6680000,0x00000000d66fff68,0x00000000d6700000)
  to   space 1024K, 0% used [0x00000000d6700000,0x00000000d6700000,0x00000000d6800000)
 ParOldGen       total 68608K, used 42091K [0x0000000080000000, 0x0000000084300000, 0x00000000d5580000)
  object space 68608K, 61% used [0x0000000080000000,0x000000008291adb0,0x0000000084300000)
 Metaspace       used 60335K, committed 61632K, reserved 1114112K
  class space    used 7678K, committed 8256K, reserved 1048576K
}
Event: 32.143 GC heap after
{Heap after GC invocations=49 (full 3):
 PSYoungGen      total 15360K, used 320K [0x00000000d5580000, 0x00000000d6780000, 0x0000000100000000)
  eden space 14848K, 0% used [0x00000000d5580000,0x00000000d5580000,0x00000000d6400000)
  from space 512K, 62% used [0x00000000d6700000,0x00000000d6750000,0x00000000d6780000)
  to   space 1024K, 0% used [0x00000000d6580000,0x00000000d6580000,0x00000000d6680000)
 ParOldGen       total 68608K, used 42139K [0x0000000080000000, 0x0000000084300000, 0x00000000d5580000)
  object space 68608K, 61% used [0x0000000080000000,0x0000000082926db0,0x0000000084300000)
 Metaspace       used 60335K, committed 61632K, reserved 1114112K
  class space    used 7678K, committed 8256K, reserved 1048576K
}
Event: 32.406 GC heap before
{Heap before GC invocations=50 (full 3):
 PSYoungGen      total 15360K, used 15168K [0x00000000d5580000, 0x00000000d6780000, 0x0000000100000000)
  eden space 14848K, 100% used [0x00000000d5580000,0x00000000d6400000,0x00000000d6400000)
  from space 512K, 62% used [0x00000000d6700000,0x00000000d6750000,0x00000000d6780000)
  to   space 1024K, 0% used [0x00000000d6580000,0x00000000d6580000,0x00000000d6680000)
 ParOldGen       total 68608K, used 42139K [0x0000000080000000, 0x0000000084300000, 0x00000000d5580000)
  object space 68608K, 61% used [0x0000000080000000,0x0000000082926db0,0x0000000084300000)
 Metaspace       used 60335K, committed 61632K, reserved 1114112K
  class space    used 7678K, committed 8256K, reserved 1048576K
}
Event: 32.408 GC heap after
{Heap after GC invocations=50 (full 3):
 PSYoungGen      total 15872K, used 994K [0x00000000d5580000, 0x00000000d6780000, 0x0000000100000000)
  eden space 14848K, 0% used [0x00000000d5580000,0x00000000d5580000,0x00000000d6400000)
  from space 1024K, 97% used [0x00000000d6580000,0x00000000d6678b50,0x00000000d6680000)
  to   space 1024K, 0% used [0x00000000d6680000,0x00000000d6680000,0x00000000d6780000)
 ParOldGen       total 68608K, used 42336K [0x0000000080000000, 0x0000000084300000, 0x00000000d5580000)
  object space 68608K, 61% used [0x0000000080000000,0x00000000829581f8,0x0000000084300000)
 Metaspace       used 60335K, committed 61632K, reserved 1114112K
  class space    used 7678K, committed 8256K, reserved 1048576K
}
Event: 32.910 GC heap before
{Heap before GC invocations=51 (full 3):
 PSYoungGen      total 15872K, used 15842K [0x00000000d5580000, 0x00000000d6780000, 0x0000000100000000)
  eden space 14848K, 100% used [0x00000000d5580000,0x00000000d6400000,0x00000000d6400000)
  from space 1024K, 97% used [0x00000000d6580000,0x00000000d6678b50,0x00000000d6680000)
  to   space 1024K, 0% used [0x00000000d6680000,0x00000000d6680000,0x00000000d6780000)
 ParOldGen       total 68608K, used 42336K [0x0000000080000000, 0x0000000084300000, 0x00000000d5580000)
  object space 68608K, 61% used [0x0000000080000000,0x00000000829581f8,0x0000000084300000)
 Metaspace       used 61781K, committed 63104K, reserved 1114112K
  class space    used 7871K, committed 8448K, reserved 1048576K
}
Event: 32.912 GC heap after
{Heap after GC invocations=51 (full 3):
 PSYoungGen      total 15872K, used 528K [0x00000000d5580000, 0x00000000d6780000, 0x0000000100000000)
  eden space 14848K, 0% used [0x00000000d5580000,0x00000000d5580000,0x00000000d6400000)
  from space 1024K, 51% used [0x00000000d6680000,0x00000000d6704010,0x00000000d6780000)
  to   space 1024K, 0% used [0x00000000d6580000,0x00000000d6580000,0x00000000d6680000)
 ParOldGen       total 68608K, used 42408K [0x0000000080000000, 0x0000000084300000, 0x00000000d5580000)
  object space 68608K, 61% used [0x0000000080000000,0x000000008296a208,0x0000000084300000)
 Metaspace       used 61781K, committed 63104K, reserved 1114112K
  class space    used 7871K, committed 8448K, reserved 1048576K
}
Event: 33.964 GC heap before
{Heap before GC invocations=52 (full 3):
 PSYoungGen      total 15872K, used 15376K [0x00000000d5580000, 0x00000000d6780000, 0x0000000100000000)
  eden space 14848K, 100% used [0x00000000d5580000,0x00000000d6400000,0x00000000d6400000)
  from space 1024K, 51% used [0x00000000d6680000,0x00000000d6704010,0x00000000d6780000)
  to   space 1024K, 0% used [0x00000000d6580000,0x00000000d6580000,0x00000000d6680000)
 ParOldGen       total 68608K, used 42408K [0x0000000080000000, 0x0000000084300000, 0x00000000d5580000)
  object space 68608K, 61% used [0x0000000080000000,0x000000008296a208,0x0000000084300000)
 Metaspace       used 63297K, committed 64640K, reserved 1114112K
  class space    used 8074K, committed 8704K, reserved 1048576K
}
Event: 33.968 GC heap after
{Heap after GC invocations=52 (full 3):
 PSYoungGen      total 15872K, used 992K [0x00000000d5580000, 0x00000000d6900000, 0x0000000100000000)
  eden space 14848K, 0% used [0x00000000d5580000,0x00000000d5580000,0x00000000d6400000)
  from space 1024K, 96% used [0x00000000d6580000,0x00000000d6678020,0x00000000d6680000)
  to   space 2560K, 0% used [0x00000000d6680000,0x00000000d6680000,0x00000000d6900000)
 ParOldGen       total 68608K, used 43488K [0x0000000080000000, 0x0000000084300000, 0x00000000d5580000)
  object space 68608K, 63% used [0x0000000080000000,0x0000000082a78258,0x0000000084300000)
 Metaspace       used 63297K, committed 64640K, reserved 1114112K
  class space    used 8074K, committed 8704K, reserved 1048576K
}
Event: 55.275 GC heap before
{Heap before GC invocations=53 (full 3):
 PSYoungGen      total 15872K, used 15839K [0x00000000d5580000, 0x00000000d6900000, 0x0000000100000000)
  eden space 14848K, 99% used [0x00000000d5580000,0x00000000d63fffb8,0x00000000d6400000)
  from space 1024K, 96% used [0x00000000d6580000,0x00000000d6678020,0x00000000d6680000)
  to   space 2560K, 0% used [0x00000000d6680000,0x00000000d6680000,0x00000000d6900000)
 ParOldGen       total 68608K, used 43488K [0x0000000080000000, 0x0000000084300000, 0x00000000d5580000)
  object space 68608K, 63% used [0x0000000080000000,0x0000000082a78258,0x0000000084300000)
 Metaspace       used 64617K, committed 65984K, reserved 1114112K
  class space    used 8226K, committed 8832K, reserved 1048576K
}
Event: 55.278 GC heap after
{Heap after GC invocations=53 (full 3):
 PSYoungGen      total 15872K, used 704K [0x00000000d5580000, 0x00000000d6780000, 0x0000000100000000)
  eden space 14848K, 0% used [0x00000000d5580000,0x00000000d5580000,0x00000000d6400000)
  from space 1024K, 68% used [0x00000000d6680000,0x00000000d6730000,0x00000000d6780000)
  to   space 1536K, 0% used [0x00000000d6480000,0x00000000d6480000,0x00000000d6600000)
 ParOldGen       total 68608K, used 44344K [0x0000000080000000, 0x0000000084300000, 0x00000000d5580000)
  object space 68608K, 64% used [0x0000000080000000,0x0000000082b4e330,0x0000000084300000)
 Metaspace       used 64617K, committed 65984K, reserved 1114112K
  class space    used 8226K, committed 8832K, reserved 1048576K
}

